#
# There is insufficient memory for the Java Runtime Environment to continue.
# Native memory allocation (malloc) failed to allocate 65552 bytes for Chunk::new
# Possible reasons:
#   The system is out of physical RAM or swap space
#   The process is running with CompressedOops enabled, and the Java Heap may be blocking the growth of the native heap
# Possible solutions:
#   Reduce memory load on the system
#   Increase physical memory or swap space
#   Check if swap backing store is full
#   Decrease Java heap size (-Xmx/-Xms)
#   Decrease number of Java threads
#   Decrease Java thread stack sizes (-Xss)
#   Set larger code cache with -XX:ReservedCodeCacheSize=
#   JVM is running with Unscaled Compressed Oops mode in which the Java heap is
#     placed in the first 4GB address space. The Java Heap base address is the
#     maximum limit for the native heap growth. Please use -XX:HeapBaseMinAddress
#     to set the Java Heap base and to place the Java Heap above 4GB virtual address.
# This output file may be truncated or incomplete.
#
#  Out of Memory Error (arena.cpp:168), pid=7836, tid=14676
#
# JRE version: Java(TM) SE Runtime Environment (21.0.1+12) (build 21.0.1+12-LTS-29)
# Java VM: Java HotSpot(TM) 64-Bit Server VM (21.0.1+12-LTS-29, mixed mode, sharing, tiered, compressed oops, compressed class ptrs, g1 gc, windows-amd64)
# No core dump will be written. Minidumps are not enabled by default on client versions of Windows
#

---------------  S U M M A R Y ------------

Command Line: -javaagent:D:\JetBrains\IntelliJ IDEA Ultimate\lib\idea_rt.jar=55104:D:\JetBrains\IntelliJ IDEA Ultimate\bin -Dfile.encoding=UTF-8 -Dsun.stdout.encoding=UTF-8 -Dsun.stderr.encoding=UTF-8 gui.voting

Host: AMD Ryzen 3 3250U with Radeon Graphics         , 4 cores, 3G,  Windows 10 , 64 bit Build 19041 (10.0.19041.3636)
Time: Tue Apr 30 12:05:10 2024 E. Africa Standard Time elapsed time: 368.262745 seconds (0d 0h 6m 8s)

---------------  T H R E A D  ---------------

Current thread (0x0000023aa443cda0):  JavaThread "C2 CompilerThread0" daemon [_thread_in_native, id=14676, stack(0x0000005f4ba00000,0x0000005f4bb00000) (1024K)]


Current CompileTask:
C2: 368263 3327       4       org.h2.mvstore.CursorPos::traverseDown (59 bytes)

Stack: [0x0000005f4ba00000,0x0000005f4bb00000]
Native frames: (J=compiled Java code, j=interpreted, Vv=VM code, C=native code)
V  [jvm.dll+0x6c9029]
V  [jvm.dll+0x854b81]
V  [jvm.dll+0x856e5e]
V  [jvm.dll+0x857543]
V  [jvm.dll+0x280c06]
V  [jvm.dll+0xc3ead]
V  [jvm.dll+0xc43c3]
V  [jvm.dll+0xc3fd5]
V  [jvm.dll+0x6a5c9c]
V  [jvm.dll+0xd0cf6]
V  [jvm.dll+0x3b2160]
V  [jvm.dll+0x3b2988]
V  [jvm.dll+0x32172b]
V  [jvm.dll+0x68c7f7]
V  [jvm.dll+0x1372ec]
V  [jvm.dll+0x3920d4]
V  [jvm.dll+0x6e6c5e]
V  [jvm.dll+0x6e5f00]
V  [jvm.dll+0x6e13cf]
V  [jvm.dll+0x6db7d6]
V  [jvm.dll+0x6dac6e]
V  [jvm.dll+0x6d8e8c]
V  [jvm.dll+0x1ccefc]
V  [jvm.dll+0x2f3152]
V  [jvm.dll+0x6e3524]
V  [jvm.dll+0x6db7d6]
V  [jvm.dll+0x6dac6e]
V  [jvm.dll+0x6d8e8c]
V  [jvm.dll+0x1ccefc]
V  [jvm.dll+0x1cdaaa]
V  [jvm.dll+0x2f3152]
V  [jvm.dll+0x6e3524]
V  [jvm.dll+0x6db7d6]
V  [jvm.dll+0x6dac6e]
V  [jvm.dll+0x6d8e8c]
V  [jvm.dll+0x1ccefc]
V  [jvm.dll+0x1cdaaa]
V  [jvm.dll+0x2f3152]
V  [jvm.dll+0x6e3524]
V  [jvm.dll+0x6db7d6]
V  [jvm.dll+0x6dac6e]
V  [jvm.dll+0x6d8e8c]
V  [jvm.dll+0x1ccefc]
V  [jvm.dll+0x1cdaaa]
V  [jvm.dll+0x2f3152]
V  [jvm.dll+0x6e3524]
V  [jvm.dll+0x6db7d6]
V  [jvm.dll+0x6dac6e]
V  [jvm.dll+0x6d8e8c]
V  [jvm.dll+0x1ccefc]
V  [jvm.dll+0x1cdaaa]
V  [jvm.dll+0x2f3152]
V  [jvm.dll+0x6e3524]
V  [jvm.dll+0x6db7d6]
V  [jvm.dll+0x6dac6e]
V  [jvm.dll+0x6d8e8c]
V  [jvm.dll+0x1ccefc]
V  [jvm.dll+0x1cdaaa]
V  [jvm.dll+0x2f3152]
V  [jvm.dll+0x6e3524]
V  [jvm.dll+0x6db7d6]
V  [jvm.dll+0x6dac6e]
V  [jvm.dll+0x6d8e8c]
V  [jvm.dll+0x1ccefc]
V  [jvm.dll+0x1cdaaa]
V  [jvm.dll+0x2f3152]
V  [jvm.dll+0x6e3524]
V  [jvm.dll+0x6db7d6]
V  [jvm.dll+0x6dac6e]
V  [jvm.dll+0x6d8e8c]
V  [jvm.dll+0x1ccefc]
V  [jvm.dll+0x1cdaaa]
V  [jvm.dll+0x1cdaaa]
V  [jvm.dll+0x2f3152]
V  [jvm.dll+0x6e3524]
V  [jvm.dll+0x6db7d6]
V  [jvm.dll+0x6dac6e]
V  [jvm.dll+0x6d8e8c]
V  [jvm.dll+0x1ccefc]
V  [jvm.dll+0x248c3d]
V  [jvm.dll+0x1c9ca1]
V  [jvm.dll+0x2586b9]
V  [jvm.dll+0x256c9a]
V  [jvm.dll+0x3ef1b6]
V  [jvm.dll+0x7fd728]
V  [jvm.dll+0x6c777d]
C  [ucrtbase.dll+0x21bb2]
C  [KERNEL32.DLL+0x17344]
C  [ntdll.dll+0x526b1]


---------------  P R O C E S S  ---------------

Threads class SMR info:
_java_thread_list=0x0000023aea4aea00, length=23, elements={
0x0000023a89bcddc0, 0x0000023aa4432460, 0x0000023aa4436990, 0x0000023aa443b400,
0x0000023aa443e130, 0x0000023aa443be60, 0x0000023aa443cda0, 0x0000023aa4443400,
0x0000023a89b9c5c0, 0x0000023aa4723710, 0x0000023aa4723d80, 0x0000023aa48ac970,
0x0000023aa48ad460, 0x0000023aa48ae980, 0x0000023aa48f02e0, 0x0000023aa490a8e0,
0x0000023aea430040, 0x0000023aa49a8180, 0x0000023aa49a7460, 0x0000023aa49a8ea0,
0x0000023aa49a6dd0, 0x0000023aa49a8810, 0x0000023aa49a6740
}

Java Threads: ( => current thread )
  0x0000023a89bcddc0 JavaThread "Reference Handler"          daemon [_thread_blocked, id=17308, stack(0x0000005f4b400000,0x0000005f4b500000) (1024K)]
  0x0000023aa4432460 JavaThread "Finalizer"                  daemon [_thread_blocked, id=15220, stack(0x0000005f4b500000,0x0000005f4b600000) (1024K)]
  0x0000023aa4436990 JavaThread "Signal Dispatcher"          daemon [_thread_blocked, id=8140, stack(0x0000005f4b600000,0x0000005f4b700000) (1024K)]
  0x0000023aa443b400 JavaThread "Attach Listener"            daemon [_thread_blocked, id=512, stack(0x0000005f4b700000,0x0000005f4b800000) (1024K)]
  0x0000023aa443e130 JavaThread "Service Thread"             daemon [_thread_blocked, id=7248, stack(0x0000005f4b800000,0x0000005f4b900000) (1024K)]
  0x0000023aa443be60 JavaThread "Monitor Deflation Thread"   daemon [_thread_blocked, id=16720, stack(0x0000005f4b900000,0x0000005f4ba00000) (1024K)]
=>0x0000023aa443cda0 JavaThread "C2 CompilerThread0"         daemon [_thread_in_native, id=14676, stack(0x0000005f4ba00000,0x0000005f4bb00000) (1024K)]
  0x0000023aa4443400 JavaThread "C1 CompilerThread0"         daemon [_thread_blocked, id=11732, stack(0x0000005f4bb00000,0x0000005f4bc00000) (1024K)]
  0x0000023a89b9c5c0 JavaThread "Common-Cleaner"             daemon [_thread_blocked, id=16196, stack(0x0000005f4bc00000,0x0000005f4bd00000) (1024K)]
  0x0000023aa4723710 JavaThread "Monitor Ctrl-Break"         daemon [_thread_in_native, id=16320, stack(0x0000005f4bd00000,0x0000005f4be00000) (1024K)]
  0x0000023aa4723d80 JavaThread "Notification Thread"        daemon [_thread_blocked, id=9916, stack(0x0000005f4be00000,0x0000005f4bf00000) (1024K)]
  0x0000023aa48ac970 JavaThread "Java2D Disposer"            daemon [_thread_blocked, id=10116, stack(0x0000005f4bf00000,0x0000005f4c000000) (1024K)]
  0x0000023aa48ad460 JavaThread "AWT-Shutdown"                      [_thread_blocked, id=16224, stack(0x0000005f4c000000,0x0000005f4c100000) (1024K)]
  0x0000023aa48ae980 JavaThread "AWT-Windows"                daemon [_thread_in_native, id=8412, stack(0x0000005f4c100000,0x0000005f4c200000) (1024K)]
  0x0000023aa48f02e0 JavaThread "EventQueueMonitor-ComponentEvtDispatch" daemon [_thread_blocked, id=9156, stack(0x0000005f4c200000,0x0000005f4c300000) (1024K)]
  0x0000023aa490a8e0 JavaThread "Thread-1"                   daemon [_thread_in_native, id=16824, stack(0x0000005f4c300000,0x0000005f4c400000) (1024K)]
  0x0000023aea430040 JavaThread "AWT-EventQueue-0"                  [_thread_blocked, id=12280, stack(0x0000005f4c400000,0x0000005f4c500000) (1024K)]
  0x0000023aa49a8180 JavaThread "DestroyJavaVM"                     [_thread_blocked, id=252, stack(0x0000005f4ac00000,0x0000005f4ad00000) (1024K)]
  0x0000023aa49a7460 JavaThread "TimerQueue"                 daemon [_thread_blocked, id=10640, stack(0x0000005f4ab00000,0x0000005f4ac00000) (1024K)]
  0x0000023aa49a8ea0 JavaThread "MVStore background writer C:/Users/Sami/test.mv.db" daemon [_thread_blocked, id=17332, stack(0x0000005f4c500000,0x0000005f4c600000) (1024K)]
  0x0000023aa49a6dd0 JavaThread "H2-lob-cleaner"             daemon [_thread_blocked, id=10124, stack(0x0000005f4c600000,0x0000005f4c700000) (1024K)]
  0x0000023aa49a8810 JavaThread "H2-serialization"           daemon [_thread_blocked, id=16112, stack(0x0000005f4c700000,0x0000005f4c800000) (1024K)]
  0x0000023aa49a6740 JavaThread "H2-save"                    daemon [_thread_blocked, id=12540, stack(0x0000005f4cb00000,0x0000005f4cc00000) (1024K)]
Total: 23

Other Threads:
  0x0000023a89bb5d90 VMThread "VM Thread"                           [id=2460, stack(0x0000005f4b300000,0x0000005f4b400000) (1024K)]
  0x0000023aa442ce50 WatcherThread "VM Periodic Task Thread"        [id=12672, stack(0x0000005f4b200000,0x0000005f4b300000) (1024K)]
  0x0000023a89b2f650 WorkerThread "GC Thread#0"                     [id=16924, stack(0x0000005f4ad00000,0x0000005f4ae00000) (1024K)]
  0x0000023aeaa5fdc0 WorkerThread "GC Thread#1"                     [id=14904, stack(0x0000005f4c800000,0x0000005f4c900000) (1024K)]
  0x0000023aeaa60160 WorkerThread "GC Thread#2"                     [id=14632, stack(0x0000005f4c900000,0x0000005f4ca00000) (1024K)]
  0x0000023aeaa5b040 WorkerThread "GC Thread#3"                     [id=9600, stack(0x0000005f4ca00000,0x0000005f4cb00000) (1024K)]
  0x0000023a89b37560 ConcurrentGCThread "G1 Main Marker"            [id=2780, stack(0x0000005f4ae00000,0x0000005f4af00000) (1024K)]
  0x0000023a89b38800 WorkerThread "G1 Conc#0"                       [id=2060, stack(0x0000005f4af00000,0x0000005f4b000000) (1024K)]
  0x0000023a89b8ad60 ConcurrentGCThread "G1 Refine#0"               [id=12580, stack(0x0000005f4b000000,0x0000005f4b100000) (1024K)]
  0x0000023a89b8b8d0 ConcurrentGCThread "G1 Service"                [id=7024, stack(0x0000005f4b100000,0x0000005f4b200000) (1024K)]
Total: 10

Threads with active compile tasks:
C2 CompilerThread0   368370 3327       4       org.h2.mvstore.CursorPos::traverseDown (59 bytes)
Total: 1

VM state: not at safepoint (normal execution)

VM Mutex/Monitor currently owned by a thread: None

Heap address: 0x00000000c9400000, size: 876 MB, Compressed Oops mode: 32-bit

CDS archive(s) mapped at: [0x0000023aa5000000-0x0000023aa5c90000-0x0000023aa5c90000), size 13172736, SharedBaseAddress: 0x0000023aa5000000, ArchiveRelocationMode: 1.
Compressed class space mapped at: 0x0000023aa6000000-0x0000023ae6000000, reserved size: 1073741824
Narrow klass base: 0x0000023aa5000000, Narrow klass shift: 0, Narrow klass range: 0x100000000

GC Precious Log:
 CardTable entry size: 512
 Card Set container configuration: InlinePtr #cards 5 size 8 Array Of Cards #cards 12 size 40 Howl #buckets 4 coarsen threshold 1843 Howl Bitmap #cards 512 size 80 coarsen threshold 460 Card regions per heap region 1 cards per card region 2048
 CPUs: 4 total, 4 available
 Memory: 3503M
 Large Page Support: Disabled
 NUMA Support: Disabled
 Compressed Oops: Enabled (32-bit)
 Heap Region Size: 1M
 Heap Min Capacity: 8M
 Heap Initial Capacity: 56M
 Heap Max Capacity: 876M
 Pre-touch: Disabled
 Parallel Workers: 4
 Concurrent Workers: 1
 Concurrent Refinement Workers: 4
 Periodic GC: Disabled

Heap:
 garbage-first heap   total 57344K, used 46576K [0x00000000c9400000, 0x0000000100000000)
  region size 1024K, 26 young (26624K), 1 survivors (1024K)
 Metaspace       used 20333K, committed 20608K, reserved 1114112K
  class space    used 2174K, committed 2304K, reserved 1048576K

Heap Regions: E=young(eden), S=young(survivor), O=old, HS=humongous(starts), HC=humongous(continues), CS=collection set, F=free, TAMS=top-at-mark-start, PB=parsable bottom
|   0|0x00000000c9400000, 0x00000000c9500000, 0x00000000c9500000|100%| O|  |TAMS 0x00000000c9400000| PB 0x00000000c9400000| Untracked 
|   1|0x00000000c9500000, 0x00000000c9600000, 0x00000000c9600000|100%| O|  |TAMS 0x00000000c9500000| PB 0x00000000c9500000| Untracked 
|   2|0x00000000c9600000, 0x00000000c9700000, 0x00000000c9700000|100%|HS|  |TAMS 0x00000000c9600000| PB 0x00000000c9600000| Complete 
|   3|0x00000000c9700000, 0x00000000c9800000, 0x00000000c9800000|100%|HC|  |TAMS 0x00000000c9700000| PB 0x00000000c9700000| Complete 
|   4|0x00000000c9800000, 0x00000000c9900000, 0x00000000c9900000|100%|HS|  |TAMS 0x00000000c9800000| PB 0x00000000c9800000| Complete 
|   5|0x00000000c9900000, 0x00000000c9a00000, 0x00000000c9a00000|100%|HC|  |TAMS 0x00000000c9900000| PB 0x00000000c9900000| Complete 
|   6|0x00000000c9a00000, 0x00000000c9b00000, 0x00000000c9b00000|100%| O|  |TAMS 0x00000000c9a00000| PB 0x00000000c9a00000| Untracked 
|   7|0x00000000c9b00000, 0x00000000c9bf0bb0, 0x00000000c9c00000| 94%| O|  |TAMS 0x00000000c9b00000| PB 0x00000000c9b00000| Untracked 
|   8|0x00000000c9c00000, 0x00000000c9d00000, 0x00000000c9d00000|100%|HS|  |TAMS 0x00000000c9c00000| PB 0x00000000c9c00000| Complete 
|   9|0x00000000c9d00000, 0x00000000c9e00000, 0x00000000c9e00000|100%|HC|  |TAMS 0x00000000c9d00000| PB 0x00000000c9d00000| Complete 
|  10|0x00000000c9e00000, 0x00000000c9f00000, 0x00000000c9f00000|100%|HS|  |TAMS 0x00000000c9e00000| PB 0x00000000c9e00000| Complete 
|  11|0x00000000c9f00000, 0x00000000ca000000, 0x00000000ca000000|100%|HC|  |TAMS 0x00000000c9f00000| PB 0x00000000c9f00000| Complete 
|  12|0x00000000ca000000, 0x00000000ca100000, 0x00000000ca100000|100%|HS|  |TAMS 0x00000000ca000000| PB 0x00000000ca000000| Complete 
|  13|0x00000000ca100000, 0x00000000ca200000, 0x00000000ca200000|100%|HC|  |TAMS 0x00000000ca100000| PB 0x00000000ca100000| Complete 
|  14|0x00000000ca200000, 0x00000000ca300000, 0x00000000ca300000|100%|HS|  |TAMS 0x00000000ca200000| PB 0x00000000ca200000| Complete 
|  15|0x00000000ca300000, 0x00000000ca400000, 0x00000000ca400000|100%|HC|  |TAMS 0x00000000ca300000| PB 0x00000000ca300000| Complete 
|  16|0x00000000ca400000, 0x00000000ca500000, 0x00000000ca500000|100%|HS|  |TAMS 0x00000000ca400000| PB 0x00000000ca400000| Complete 
|  17|0x00000000ca500000, 0x00000000ca600000, 0x00000000ca600000|100%|HC|  |TAMS 0x00000000ca500000| PB 0x00000000ca500000| Complete 
|  18|0x00000000ca600000, 0x00000000ca700000, 0x00000000ca700000|100%|HC|  |TAMS 0x00000000ca600000| PB 0x00000000ca600000| Complete 
|  19|0x00000000ca700000, 0x00000000ca800000, 0x00000000ca800000|100%|HC|  |TAMS 0x00000000ca700000| PB 0x00000000ca700000| Complete 
|  20|0x00000000ca800000, 0x00000000ca900000, 0x00000000ca900000|100%|HS|  |TAMS 0x00000000ca800000| PB 0x00000000ca800000| Complete 
|  21|0x00000000ca900000, 0x00000000caa00000, 0x00000000caa00000|100%|HC|  |TAMS 0x00000000ca900000| PB 0x00000000ca900000| Complete 
|  22|0x00000000caa00000, 0x00000000caa00000, 0x00000000cab00000|  0%| F|  |TAMS 0x00000000caa00000| PB 0x00000000caa00000| Untracked 
|  23|0x00000000cab00000, 0x00000000cab00000, 0x00000000cac00000|  0%| F|  |TAMS 0x00000000cab00000| PB 0x00000000cab00000| Untracked 
|  24|0x00000000cac00000, 0x00000000cac00000, 0x00000000cad00000|  0%| F|  |TAMS 0x00000000cac00000| PB 0x00000000cac00000| Untracked 
|  25|0x00000000cad00000, 0x00000000cad00000, 0x00000000cae00000|  0%| F|  |TAMS 0x00000000cad00000| PB 0x00000000cad00000| Untracked 
|  26|0x00000000cae00000, 0x00000000cae00000, 0x00000000caf00000|  0%| F|  |TAMS 0x00000000cae00000| PB 0x00000000cae00000| Untracked 
|  27|0x00000000caf00000, 0x00000000caf00000, 0x00000000cb000000|  0%| F|  |TAMS 0x00000000caf00000| PB 0x00000000caf00000| Untracked 
|  28|0x00000000cb000000, 0x00000000cb000000, 0x00000000cb100000|  0%| F|  |TAMS 0x00000000cb000000| PB 0x00000000cb000000| Untracked 
|  29|0x00000000cb100000, 0x00000000cb100000, 0x00000000cb200000|  0%| F|  |TAMS 0x00000000cb100000| PB 0x00000000cb100000| Untracked 
|  30|0x00000000cb200000, 0x00000000cb300000, 0x00000000cb300000|100%| E|  |TAMS 0x00000000cb200000| PB 0x00000000cb200000| Complete 
|  31|0x00000000cb300000, 0x00000000cb400000, 0x00000000cb400000|100%| E|CS|TAMS 0x00000000cb300000| PB 0x00000000cb300000| Complete 
|  32|0x00000000cb400000, 0x00000000cb500000, 0x00000000cb500000|100%| E|  |TAMS 0x00000000cb400000| PB 0x00000000cb400000| Complete 
|  33|0x00000000cb500000, 0x00000000cb600000, 0x00000000cb600000|100%| E|CS|TAMS 0x00000000cb500000| PB 0x00000000cb500000| Complete 
|  34|0x00000000cb600000, 0x00000000cb700000, 0x00000000cb700000|100%| E|CS|TAMS 0x00000000cb600000| PB 0x00000000cb600000| Complete 
|  35|0x00000000cb700000, 0x00000000cb800000, 0x00000000cb800000|100%| E|CS|TAMS 0x00000000cb700000| PB 0x00000000cb700000| Complete 
|  36|0x00000000cb800000, 0x00000000cb900000, 0x00000000cb900000|100%| E|CS|TAMS 0x00000000cb800000| PB 0x00000000cb800000| Complete 
|  37|0x00000000cb900000, 0x00000000cba00000, 0x00000000cba00000|100%| E|CS|TAMS 0x00000000cb900000| PB 0x00000000cb900000| Complete 
|  38|0x00000000cba00000, 0x00000000cbb00000, 0x00000000cbb00000|100%| E|CS|TAMS 0x00000000cba00000| PB 0x00000000cba00000| Complete 
|  39|0x00000000cbb00000, 0x00000000cbb8b7a0, 0x00000000cbc00000| 54%| S|CS|TAMS 0x00000000cbb00000| PB 0x00000000cbb00000| Complete 
|  40|0x00000000cbc00000, 0x00000000cbd00000, 0x00000000cbd00000|100%| E|CS|TAMS 0x00000000cbc00000| PB 0x00000000cbc00000| Complete 
|  41|0x00000000cbd00000, 0x00000000cbe00000, 0x00000000cbe00000|100%| E|CS|TAMS 0x00000000cbd00000| PB 0x00000000cbd00000| Complete 
|  42|0x00000000cbe00000, 0x00000000cbf00000, 0x00000000cbf00000|100%| E|CS|TAMS 0x00000000cbe00000| PB 0x00000000cbe00000| Complete 
|  43|0x00000000cbf00000, 0x00000000cc000000, 0x00000000cc000000|100%| E|CS|TAMS 0x00000000cbf00000| PB 0x00000000cbf00000| Complete 
|  44|0x00000000cc000000, 0x00000000cc100000, 0x00000000cc100000|100%| E|CS|TAMS 0x00000000cc000000| PB 0x00000000cc000000| Complete 
|  45|0x00000000cc100000, 0x00000000cc200000, 0x00000000cc200000|100%| E|CS|TAMS 0x00000000cc100000| PB 0x00000000cc100000| Complete 
|  46|0x00000000cc200000, 0x00000000cc300000, 0x00000000cc300000|100%| E|CS|TAMS 0x00000000cc200000| PB 0x00000000cc200000| Complete 
|  47|0x00000000cc300000, 0x00000000cc400000, 0x00000000cc400000|100%| E|CS|TAMS 0x00000000cc300000| PB 0x00000000cc300000| Complete 
|  48|0x00000000cc400000, 0x00000000cc500000, 0x00000000cc500000|100%| E|CS|TAMS 0x00000000cc400000| PB 0x00000000cc400000| Complete 
|  49|0x00000000cc500000, 0x00000000cc600000, 0x00000000cc600000|100%| E|CS|TAMS 0x00000000cc500000| PB 0x00000000cc500000| Complete 
|  50|0x00000000cc600000, 0x00000000cc700000, 0x00000000cc700000|100%| E|CS|TAMS 0x00000000cc600000| PB 0x00000000cc600000| Complete 
|  51|0x00000000cc700000, 0x00000000cc800000, 0x00000000cc800000|100%| E|CS|TAMS 0x00000000cc700000| PB 0x00000000cc700000| Complete 
|  52|0x00000000cc800000, 0x00000000cc900000, 0x00000000cc900000|100%| E|CS|TAMS 0x00000000cc800000| PB 0x00000000cc800000| Complete 
|  53|0x00000000cc900000, 0x00000000cca00000, 0x00000000cca00000|100%| E|CS|TAMS 0x00000000cc900000| PB 0x00000000cc900000| Complete 
|  54|0x00000000cca00000, 0x00000000ccb00000, 0x00000000ccb00000|100%| E|CS|TAMS 0x00000000cca00000| PB 0x00000000cca00000| Complete 
|  55|0x00000000ccb00000, 0x00000000ccc00000, 0x00000000ccc00000|100%| E|CS|TAMS 0x00000000ccb00000| PB 0x00000000ccb00000| Complete 

Card table byte_map: [0x0000023aa0f60000,0x0000023aa1120000] _byte_map_base: 0x0000023aa0916000

Marking Bits: (CMBitMap*) 0x0000023a89b2fd50
 Bits: [0x0000023aa1120000, 0x0000023aa1ed0000)

Polling page: 0x0000023a87a30000

Metaspace:

Usage:
  Non-class:     17.73 MB used.
      Class:      2.12 MB used.
       Both:     19.86 MB used.

Virtual space:
  Non-class space:       64.00 MB reserved,      17.88 MB ( 28%) committed,  1 nodes.
      Class space:        1.00 GB reserved,       2.25 MB ( <1%) committed,  1 nodes.
             Both:        1.06 GB reserved,      20.12 MB (  2%) committed. 

Chunk freelists:
   Non-Class:  14.16 MB
       Class:  13.76 MB
        Both:  27.92 MB

MaxMetaspaceSize: unlimited
CompressedClassSpaceSize: 1.00 GB
Initial GC threshold: 21.00 MB
Current GC threshold: 21.00 MB
CDS: on
 - commit_granule_bytes: 65536.
 - commit_granule_words: 8192.
 - virtual_space_node_default_size: 8388608.
 - enlarge_chunks_in_place: 1.
 - use_allocation_guard: 0.


Internal statistics:

num_allocs_failed_limit: 0.
num_arena_births: 238.
num_arena_deaths: 0.
num_vsnodes_births: 2.
num_vsnodes_deaths: 0.
num_space_committed: 322.
num_space_uncommitted: 0.
num_chunks_returned_to_freelist: 0.
num_chunks_taken_from_freelist: 551.
num_chunk_merges: 0.
num_chunk_splits: 344.
num_chunks_enlarged: 216.
num_inconsistent_stats: 0.

CodeHeap 'non-profiled nmethods': size=120000Kb used=1004Kb max_used=1004Kb free=118995Kb
 bounds [0x0000023a99a30000, 0x0000023a99ca0000, 0x0000023aa0f60000]
CodeHeap 'profiled nmethods': size=120000Kb used=6869Kb max_used=6869Kb free=113130Kb
 bounds [0x0000023a91f60000, 0x0000023a92620000, 0x0000023a99490000]
CodeHeap 'non-nmethods': size=5760Kb used=1734Kb max_used=1765Kb free=4025Kb
 bounds [0x0000023a99490000, 0x0000023a99700000, 0x0000023a99a30000]
 total_blobs=4089 nmethods=3323 adapters=670
 compilation: enabled
              stopped_count=0, restarted_count=0
 full_count=0

Compilation events (20 events):
Event: 346.932 Thread 0x0000023aa4443400 nmethod 3317 0x0000023a92612810 code [0x0000023a92612b80, 0x0000023a92614298]
Event: 347.303 Thread 0x0000023aa4443400 3318       3       org.h2.mvstore.RandomAccessStore$$Lambda/0x0000023aa62397f0::call (20 bytes)
Event: 347.303 Thread 0x0000023aa4443400 nmethod 3318 0x0000023a92614b10 code [0x0000023a92614cc0, 0x0000023a92614e18]
Event: 347.303 Thread 0x0000023aa4443400 3319       3       org.h2.mvstore.RandomAccessStore::lambda$doHousekeeping$4 (46 bytes)
Event: 347.304 Thread 0x0000023aa4443400 nmethod 3319 0x0000023a92614f10 code [0x0000023a92615100, 0x0000023a92615500]
Event: 349.631 Thread 0x0000023aa443cda0 3320       4       org.h2.mvstore.cache.CacheLongKeyLIRS::get (29 bytes)
Event: 349.642 Thread 0x0000023aa443cda0 nmethod 3320 0x0000023a99b28e10 code [0x0000023a99b28fc0, 0x0000023a99b29408]
Event: 350.509 Thread 0x0000023aa443cda0 3321       4       java.util.HashMap$HashIterator::<init> (79 bytes)
Event: 350.517 Thread 0x0000023aa443cda0 nmethod 3321 0x0000023a99b29790 code [0x0000023a99b29940, 0x0000023a99b29d10]
Event: 351.259 Thread 0x0000023aa443cda0 3322       4       java.util.BitSet::nextClearBit (116 bytes)
Event: 351.263 Thread 0x0000023aa443cda0 nmethod 3322 0x0000023a99b29e10 code [0x0000023a99b29fa0, 0x0000023a99b2a110]
Event: 351.634 Thread 0x0000023aa443cda0 3323       4       java.util.concurrent.locks.AbstractQueuedSynchronizer::hasQueuedThreads (38 bytes)
Event: 351.636 Thread 0x0000023aa443cda0 nmethod 3323 0x0000023a99b2a290 code [0x0000023a99b2a420, 0x0000023a99b2a4e8]
Event: 352.824 Thread 0x0000023aa443cda0 3324       4       java.util.HashMap$KeyIterator::next (8 bytes)
Event: 352.833 Thread 0x0000023aa443cda0 nmethod 3324 0x0000023a99b2a590 code [0x0000023a99b2a740, 0x0000023a99b2ab70]
Event: 360.156 Thread 0x0000023aa443cda0 3325       4       java.lang.Long::bitCount (61 bytes)
Event: 360.157 Thread 0x0000023aa443cda0 nmethod 3325 0x0000023a99b2ad10 code [0x0000023a99b2ae80, 0x0000023a99b2af60]
Event: 362.913 Thread 0x0000023aa443cda0 3326       4       java.lang.Integer::bitCount (53 bytes)
Event: 362.913 Thread 0x0000023aa443cda0 nmethod 3326 0x0000023a99b2b010 code [0x0000023a99b2b180, 0x0000023a99b2b240]
Event: 368.187 Thread 0x0000023aa443cda0 3327       4       org.h2.mvstore.CursorPos::traverseDown (59 bytes)

GC Heap History (4 events):
Event: 3.910 GC heap before
{Heap before GC invocations=0 (full 0):
 garbage-first heap   total 57344K, used 13312K [0x00000000c9400000, 0x0000000100000000)
  region size 1024K, 13 young (13312K), 0 survivors (0K)
 Metaspace       used 13050K, committed 13248K, reserved 1114112K
  class space    used 1502K, committed 1600K, reserved 1048576K
}
Event: 3.930 GC heap after
{Heap after GC invocations=1 (full 0):
 garbage-first heap   total 57344K, used 3968K [0x00000000c9400000, 0x0000000100000000)
  region size 1024K, 2 young (2048K), 2 survivors (2048K)
 Metaspace       used 13050K, committed 13248K, reserved 1114112K
  class space    used 1502K, committed 1600K, reserved 1048576K
}
Event: 5.329 GC heap before
{Heap before GC invocations=1 (full 0):
 garbage-first heap   total 57344K, used 21376K [0x00000000c9400000, 0x0000000100000000)
  region size 1024K, 16 young (16384K), 2 survivors (2048K)
 Metaspace       used 17543K, committed 17856K, reserved 1114112K
  class space    used 1950K, committed 2112K, reserved 1048576K
}
Event: 5.335 GC heap after
{Heap after GC invocations=2 (full 0):
 garbage-first heap   total 57344K, used 4592K [0x00000000c9400000, 0x0000000100000000)
  region size 1024K, 1 young (1024K), 1 survivors (1024K)
 Metaspace       used 17543K, committed 17856K, reserved 1114112K
  class space    used 1950K, committed 2112K, reserved 1048576K
}

Dll operation events (14 events):
Event: 0.036 Loaded shared library C:\Program Files\Java\jdk-21\bin\java.dll
Event: 0.091 Loaded shared library C:\Program Files\Java\jdk-21\bin\jsvml.dll
Event: 0.179 Loaded shared library C:\Program Files\Java\jdk-21\bin\zip.dll
Event: 0.186 Loaded shared library C:\Program Files\Java\jdk-21\bin\instrument.dll
Event: 0.197 Loaded shared library C:\Program Files\Java\jdk-21\bin\net.dll
Event: 0.204 Loaded shared library C:\Program Files\Java\jdk-21\bin\nio.dll
Event: 0.217 Loaded shared library C:\Program Files\Java\jdk-21\bin\zip.dll
Event: 0.259 Loaded shared library D:\JetBrains\IntelliJ IDEA Ultimate\bin\breakgen64.dll
Event: 0.281 Loaded shared library C:\Program Files\Java\jdk-21\bin\extnet.dll
Event: 0.292 Loaded shared library C:\Program Files\Java\jdk-21\bin\jimage.dll
Event: 0.331 Loaded shared library C:\Program Files\Java\jdk-21\bin\awt.dll
Event: 0.602 Loaded shared library C:\Program Files\Java\jdk-21\bin\javaaccessbridge.dll
Event: 1.146 Loaded shared library C:\Program Files\Java\jdk-21\bin\freetype.dll
Event: 1.156 Loaded shared library C:\Program Files\Java\jdk-21\bin\fontmanager.dll

Deoptimization events (20 events):
Event: 322.697 Thread 0x0000023aea430040 Uncommon trap: trap_request=0xffffffbe fr.pc=0x0000023a99b00094 relative=0x0000000000000694
Event: 322.697 Thread 0x0000023aea430040 Uncommon trap: reason=profile_predicate action=maybe_recompile pc=0x0000023a99b00094 method=java.awt.LinearGradientPaintContext.fillRaster([IIIIIII)V @ 53 c2
Event: 322.697 Thread 0x0000023aea430040 DEOPT PACKING pc=0x0000023a99b00094 sp=0x0000005f4c4fcfc0
Event: 322.697 Thread 0x0000023aea430040 DEOPT UNPACKING pc=0x0000023a994e46a2 sp=0x0000005f4c4fcf38 mode 2
Event: 322.697 Thread 0x0000023aea430040 Uncommon trap: trap_request=0xffffffbe fr.pc=0x0000023a99afacf0 relative=0x00000000000007f0
Event: 322.697 Thread 0x0000023aea430040 Uncommon trap: reason=profile_predicate action=maybe_recompile pc=0x0000023a99afacf0 method=java.awt.LinearGradientPaintContext.fillRaster([IIIIIII)V @ 50 c2
Event: 322.697 Thread 0x0000023aea430040 DEOPT PACKING pc=0x0000023a99afacf0 sp=0x0000005f4c4fcf90
Event: 322.697 Thread 0x0000023aea430040 DEOPT UNPACKING pc=0x0000023a994e46a2 sp=0x0000005f4c4fcf48 mode 2
Event: 322.698 Thread 0x0000023aea430040 Uncommon trap: trap_request=0xffffffbe fr.pc=0x0000023a99b00094 relative=0x0000000000000694
Event: 322.698 Thread 0x0000023aea430040 Uncommon trap: reason=profile_predicate action=maybe_recompile pc=0x0000023a99b00094 method=java.awt.LinearGradientPaintContext.fillRaster([IIIIIII)V @ 53 c2
Event: 322.698 Thread 0x0000023aea430040 DEOPT PACKING pc=0x0000023a99b00094 sp=0x0000005f4c4fcfc0
Event: 322.698 Thread 0x0000023aea430040 DEOPT UNPACKING pc=0x0000023a994e46a2 sp=0x0000005f4c4fcf38 mode 2
Event: 322.706 Thread 0x0000023aea430040 Uncommon trap: trap_request=0xffffff45 fr.pc=0x0000023a99b05a54 relative=0x0000000000002a14
Event: 322.706 Thread 0x0000023aea430040 Uncommon trap: reason=unstable_if action=reinterpret pc=0x0000023a99b05a54 method=sun.java2d.marlin.Renderer._endRendering(II)V @ 2122 c2
Event: 322.706 Thread 0x0000023aea430040 DEOPT PACKING pc=0x0000023a99b05a54 sp=0x0000005f4c4fcfc0
Event: 322.706 Thread 0x0000023aea430040 DEOPT UNPACKING pc=0x0000023a994e46a2 sp=0x0000005f4c4fce78 mode 2
Event: 330.770 Thread 0x0000023aea430040 Uncommon trap: trap_request=0xffffff45 fr.pc=0x0000023a99b0afa8 relative=0x0000000000000088
Event: 330.770 Thread 0x0000023aea430040 Uncommon trap: reason=unstable_if action=reinterpret pc=0x0000023a99b0afa8 method=sun.java2d.marlin.FloatMath.ceil_int(D)I @ 7 c2
Event: 330.770 Thread 0x0000023aea430040 DEOPT PACKING pc=0x0000023a99b0afa8 sp=0x0000005f4c4fd170
Event: 330.770 Thread 0x0000023aea430040 DEOPT UNPACKING pc=0x0000023a994e46a2 sp=0x0000005f4c4fd0f8 mode 2

Classes loaded (20 events):
Event: 314.652 Loading class javax/swing/JComponent$KeyboardState
Event: 314.652 Loading class javax/swing/JComponent$KeyboardState done
Event: 314.652 Loading class javax/swing/JComponent$IntVector
Event: 314.653 Loading class javax/swing/JComponent$IntVector done
Event: 314.657 Loading class javax/swing/KeyboardManager
Event: 314.657 Loading class javax/swing/KeyboardManager done
Event: 314.754 Loading class javax/swing/JComponent$ActionStandin
Event: 314.754 Loading class javax/swing/JComponent$ActionStandin done
Event: 315.647 Loading class javax/swing/text/GapContent$RemoveUndo
Event: 315.647 Loading class javax/swing/text/GapContent$RemoveUndo done
Event: 315.647 Loading class javax/swing/text/GapContent$UndoPosRef
Event: 315.647 Loading class javax/swing/text/GapContent$UndoPosRef done
Event: 322.276 Loading class java/awt/Canvas
Event: 322.277 Loading class java/awt/Canvas done
Event: 322.277 Loading class java/awt/Scrollbar
Event: 322.279 Loading class java/awt/Scrollbar done
Event: 322.494 Loading class sun/awt/windows/WButtonPeer$1
Event: 322.495 Loading class sun/awt/windows/WButtonPeer$1 done
Event: 322.495 Loading class sun/awt/SunToolkit$2
Event: 322.495 Loading class sun/awt/SunToolkit$2 done

Classes unloaded (0 events):
No events

Classes redefined (0 events):
No events

Internal exceptions (20 events):
Event: 5.814 Thread 0x0000023aea430040 Exception <a 'sun/nio/fs/WindowsException'{0x00000000cc9d1f08}> (0x00000000cc9d1f08) 
thrown [s\open\src\hotspot\share\prims\jni.cpp, line 520]
Event: 5.814 Thread 0x0000023aea430040 Exception <a 'sun/nio/fs/WindowsException'{0x00000000cc9d2778}> (0x00000000cc9d2778) 
thrown [s\open\src\hotspot\share\prims\jni.cpp, line 520]
Event: 6.127 Thread 0x0000023aea430040 Exception <a 'sun/nio/fs/WindowsException'{0x00000000cc61c110}> (0x00000000cc61c110) 
thrown [s\open\src\hotspot\share\prims\jni.cpp, line 520]
Event: 6.127 Thread 0x0000023aea430040 Exception <a 'sun/nio/fs/WindowsException'{0x00000000cc61c980}> (0x00000000cc61c980) 
thrown [s\open\src\hotspot\share\prims\jni.cpp, line 520]
Event: 6.578 Thread 0x0000023aea430040 Exception <a 'sun/nio/fs/WindowsException'{0x00000000cc5f4418}> (0x00000000cc5f4418) 
thrown [s\open\src\hotspot\share\prims\jni.cpp, line 520]
Event: 6.578 Thread 0x0000023aea430040 Exception <a 'sun/nio/fs/WindowsException'{0x00000000cc5f4c88}> (0x00000000cc5f4c88) 
thrown [s\open\src\hotspot\share\prims\jni.cpp, line 520]
Event: 6.893 Thread 0x0000023aea430040 Exception <a 'sun/nio/fs/WindowsException'{0x00000000cc2d1d10}> (0x00000000cc2d1d10) 
thrown [s\open\src\hotspot\share\prims\jni.cpp, line 520]
Event: 6.894 Thread 0x0000023aea430040 Exception <a 'sun/nio/fs/WindowsException'{0x00000000cc2d2580}> (0x00000000cc2d2580) 
thrown [s\open\src\hotspot\share\prims\jni.cpp, line 520]
Event: 7.441 Thread 0x0000023aea430040 Exception <a 'sun/nio/fs/WindowsException'{0x00000000cc0cad20}> (0x00000000cc0cad20) 
thrown [s\open\src\hotspot\share\prims\jni.cpp, line 520]
Event: 7.442 Thread 0x0000023aea430040 Exception <a 'sun/nio/fs/WindowsException'{0x00000000cc0cb590}> (0x00000000cc0cb590) 
thrown [s\open\src\hotspot\share\prims\jni.cpp, line 520]
Event: 322.523 Thread 0x0000023aea430040 Exception <a 'sun/nio/fs/WindowsException'{0x00000000cb620830}> (0x00000000cb620830) 
thrown [s\open\src\hotspot\share\prims\jni.cpp, line 520]
Event: 322.524 Thread 0x0000023aea430040 Exception <a 'sun/nio/fs/WindowsException'{0x00000000cb6210a0}> (0x00000000cb6210a0) 
thrown [s\open\src\hotspot\share\prims\jni.cpp, line 520]
Event: 322.652 Thread 0x0000023aea430040 Exception <a 'java/lang/NoSuchMethodError'{0x00000000cb5f87d0}: 'java.lang.Object java.lang.invoke.DirectMethodHandle$Holder.newInvokeSpecial(java.lang.Object, java.lang.Object, long)'> (0x00000000cb5f87d0) 
thrown [s\open\src\hotspot\share\interpreter\linkResolver.cpp, line 773]
Event: 322.653 Thread 0x0000023aea430040 Exception <a 'java/lang/NoSuchMethodError'{0x00000000cb5fc0c8}: 'java.lang.Object java.lang.invoke.Invokers$Holder.linkToTargetMethod(java.lang.Object, long, java.lang.Object)'> (0x00000000cb5fc0c8) 
thrown [s\open\src\hotspot\share\interpreter\linkResolver.cpp, line 773]
Event: 322.697 Thread 0x0000023aea430040 Implicit null exception at 0x0000023a99affafd to 0x0000023a99b00059
Event: 322.697 Thread 0x0000023aea430040 Implicit null exception at 0x0000023a99afa5e7 to 0x0000023a99afacb1
Event: 322.697 Thread 0x0000023aea430040 Implicit null exception at 0x0000023a99affafd to 0x0000023a99b00059
Event: 322.697 Thread 0x0000023aea430040 Implicit null exception at 0x0000023a99afa5e7 to 0x0000023a99afacb1
Event: 322.697 Thread 0x0000023aea430040 Implicit null exception at 0x0000023a99affafd to 0x0000023a99b00059
Event: 322.763 Thread 0x0000023aa49a8ea0 Exception <a 'java/lang/NoSuchMethodError'{0x00000000cb5dd718}: 'java.lang.Object java.lang.invoke.DirectMethodHandle$Holder.newInvokeSpecial(java.lang.Object, java.lang.Object, int, int, int)'> (0x00000000cb5dd718) 
thrown [s\open\src\hotspot\share\interpreter\linkResolver.cpp, line 773]

ZGC Phase Switch (0 events):
No events

VM Operations (20 events):
Event: 323.506 Executing VM operation: Cleanup
Event: 323.507 Executing VM operation: Cleanup done
Event: 324.519 Executing VM operation: Cleanup
Event: 324.519 Executing VM operation: Cleanup done
Event: 326.528 Executing VM operation: Cleanup
Event: 326.528 Executing VM operation: Cleanup done
Event: 331.566 Executing VM operation: Cleanup
Event: 331.566 Executing VM operation: Cleanup done
Event: 332.578 Executing VM operation: Cleanup
Event: 332.579 Executing VM operation: Cleanup done
Event: 335.610 Executing VM operation: Cleanup
Event: 335.610 Executing VM operation: Cleanup done
Event: 347.725 Executing VM operation: Cleanup
Event: 347.725 Executing VM operation: Cleanup done
Event: 353.760 Executing VM operation: Cleanup
Event: 353.760 Executing VM operation: Cleanup done
Event: 360.874 Executing VM operation: HandshakeAllThreads (HandshakeForDeflation)
Event: 360.874 Executing VM operation: HandshakeAllThreads (HandshakeForDeflation) done
Event: 360.874 Executing VM operation: RendezvousGCThreads
Event: 360.874 Executing VM operation: RendezvousGCThreads done

Events (20 events):
Event: 6.655 Thread 0x0000023aa49a60b0 Thread exited: 0x0000023aa49a60b0
Event: 6.657 Thread 0x0000023aa49a8ea0 Thread exited: 0x0000023aa49a8ea0
Event: 6.658 Thread 0x0000023aa49a6dd0 Thread exited: 0x0000023aa49a6dd0
Event: 6.950 Thread 0x0000023aa49a60b0 Thread added: 0x0000023aa49a60b0
Event: 6.953 Thread 0x0000023aa49a7460 Thread added: 0x0000023aa49a7460
Event: 6.957 Thread 0x0000023aa49a5a20 Thread added: 0x0000023aa49a5a20
Event: 6.960 Thread 0x0000023aa49a60b0 Thread exited: 0x0000023aa49a60b0
Event: 6.960 Thread 0x0000023aa49a7460 Thread exited: 0x0000023aa49a7460
Event: 6.960 Thread 0x0000023aa49a5a20 Thread exited: 0x0000023aa49a5a20
Event: 7.639 Thread 0x0000023aa49a60b0 Thread added: 0x0000023aa49a60b0
Event: 7.642 Thread 0x0000023aa49a8810 Thread added: 0x0000023aa49a8810
Event: 7.705 Thread 0x0000023aa49a6740 Thread added: 0x0000023aa49a6740
Event: 7.714 Thread 0x0000023aa49a60b0 Thread exited: 0x0000023aa49a60b0
Event: 7.714 Thread 0x0000023aa49a8810 Thread exited: 0x0000023aa49a8810
Event: 7.714 Thread 0x0000023aa49a6740 Thread exited: 0x0000023aa49a6740
Event: 310.917 Thread 0x0000023aa49a7460 Thread added: 0x0000023aa49a7460
Event: 322.573 Thread 0x0000023aa49a8ea0 Thread added: 0x0000023aa49a8ea0
Event: 322.654 Thread 0x0000023aa49a6dd0 Thread added: 0x0000023aa49a6dd0
Event: 323.077 Thread 0x0000023aa49a8810 Thread added: 0x0000023aa49a8810
Event: 323.080 Thread 0x0000023aa49a6740 Thread added: 0x0000023aa49a6740


Dynamic libraries:
0x00007ff6e7670000 - 0x00007ff6e7680000 	C:\Program Files\Java\jdk-21\bin\java.exe
0x00007ffead8f0000 - 0x00007ffeadae8000 	C:\windows\SYSTEM32\ntdll.dll
0x00007ffead2f0000 - 0x00007ffead3ad000 	C:\windows\System32\KERNEL32.DLL
0x00007ffeab2b0000 - 0x00007ffeab5a6000 	C:\windows\System32\KERNELBASE.dll
0x00007ffeab0f0000 - 0x00007ffeab1f0000 	C:\windows\System32\ucrtbase.dll
0x00007ffea3ca0000 - 0x00007ffea3cb9000 	C:\Program Files\Java\jdk-21\bin\jli.dll
0x00007ffeace90000 - 0x00007ffeacf40000 	C:\windows\System32\ADVAPI32.dll
0x00007ffead4f0000 - 0x00007ffead58e000 	C:\windows\System32\msvcrt.dll
0x00007ffead590000 - 0x00007ffead630000 	C:\windows\System32\sechost.dll
0x00007ffea69d0000 - 0x00007ffea69eb000 	C:\Program Files\Java\jdk-21\bin\VCRUNTIME140.dll
0x00007ffeacf40000 - 0x00007ffead063000 	C:\windows\System32\RPCRT4.dll
0x00007ffeaafa0000 - 0x00007ffeaafc7000 	C:\windows\System32\bcrypt.dll
0x00007ffeacc90000 - 0x00007ffeace2f000 	C:\windows\System32\USER32.dll
0x00007ffeab1f0000 - 0x00007ffeab212000 	C:\windows\System32\win32u.dll
0x00007ffeaca30000 - 0x00007ffeaca5b000 	C:\windows\System32\GDI32.dll
0x00007ffe93440000 - 0x00007ffe936da000 	C:\windows\WinSxS\amd64_microsoft.windows.common-controls_6595b64144ccf1df_6.0.19041.3636_none_60b6a03d71f818d5\COMCTL32.dll
0x00007ffeaafd0000 - 0x00007ffeab0e7000 	C:\windows\System32\gdi32full.dll
0x00007ffeab880000 - 0x00007ffeab91d000 	C:\windows\System32\msvcp_win.dll
0x00007ffea2920000 - 0x00007ffea292a000 	C:\windows\SYSTEM32\VERSION.dll
0x00007ffead2b0000 - 0x00007ffead2e2000 	C:\windows\System32\IMM32.DLL
0x00007ffea5780000 - 0x00007ffea578c000 	C:\Program Files\Java\jdk-21\bin\vcruntime140_1.dll
0x00007ffe94290000 - 0x00007ffe9431e000 	C:\Program Files\Java\jdk-21\bin\msvcp140.dll
0x00007ffe73160000 - 0x00007ffe73e75000 	C:\Program Files\Java\jdk-21\bin\server\jvm.dll
0x00007ffead480000 - 0x00007ffead4eb000 	C:\windows\System32\WS2_32.dll
0x00007ffeaae00000 - 0x00007ffeaae4b000 	C:\windows\SYSTEM32\POWRPROF.dll
0x00007ffea2930000 - 0x00007ffea2957000 	C:\windows\SYSTEM32\WINMM.dll
0x00007ffeaade0000 - 0x00007ffeaadf2000 	C:\windows\SYSTEM32\UMPDC.dll
0x00007ffea8df0000 - 0x00007ffea8e02000 	C:\windows\SYSTEM32\kernel.appcore.dll
0x00007ffea5560000 - 0x00007ffea556a000 	C:\Program Files\Java\jdk-21\bin\jimage.dll
0x00007ffe90d70000 - 0x00007ffe90f54000 	C:\windows\SYSTEM32\DBGHELP.DLL
0x00007ffe90ce0000 - 0x00007ffe90d14000 	C:\windows\SYSTEM32\dbgcore.DLL
0x00007ffeab220000 - 0x00007ffeab2a2000 	C:\windows\System32\bcryptPrimitives.dll
0x00007ffea2630000 - 0x00007ffea263f000 	C:\Program Files\Java\jdk-21\bin\instrument.dll
0x00007ffea3c80000 - 0x00007ffea3c9f000 	C:\Program Files\Java\jdk-21\bin\java.dll
0x00007ffeac2c0000 - 0x00007ffeaca2b000 	C:\windows\System32\SHELL32.dll
0x00007ffea8ff0000 - 0x00007ffea978e000 	C:\windows\SYSTEM32\windows.storage.dll
0x00007ffeabf60000 - 0x00007ffeac2b3000 	C:\windows\System32\combase.dll
0x00007ffeaa900000 - 0x00007ffeaa92e000 	C:\windows\SYSTEM32\Wldp.dll
0x00007ffead700000 - 0x00007ffead7cd000 	C:\windows\System32\OLEAUT32.dll
0x00007ffead650000 - 0x00007ffead6fd000 	C:\windows\System32\SHCORE.dll
0x00007ffead420000 - 0x00007ffead475000 	C:\windows\System32\shlwapi.dll
0x00007ffeaaed0000 - 0x00007ffeaaef3000 	C:\windows\SYSTEM32\profapi.dll
0x00007ffe89500000 - 0x00007ffe895d7000 	C:\Program Files\Java\jdk-21\bin\jsvml.dll
0x00007ffe95500000 - 0x00007ffe95518000 	C:\Program Files\Java\jdk-21\bin\zip.dll
0x00007ffea2620000 - 0x00007ffea2630000 	C:\Program Files\Java\jdk-21\bin\net.dll
0x00007ffea2330000 - 0x00007ffea243a000 	C:\windows\SYSTEM32\WINHTTP.dll
0x00007ffeaa660000 - 0x00007ffeaa6ca000 	C:\windows\system32\mswsock.dll
0x00007ffe95f70000 - 0x00007ffe95f86000 	C:\Program Files\Java\jdk-21\bin\nio.dll
0x00007ffe954e0000 - 0x00007ffe954fa000 	D:\JetBrains\IntelliJ IDEA Ultimate\bin\breakgen64.dll
0x00007ffea0a20000 - 0x00007ffea0a27000 	C:\Program Files\Java\jdk-21\bin\extnet.dll
0x00007ffe89370000 - 0x00007ffe894ff000 	C:\Program Files\Java\jdk-21\bin\awt.dll
0x00007ffea8870000 - 0x00007ffea8900000 	C:\windows\SYSTEM32\apphelp.dll
0x00007ffea8920000 - 0x00007ffea89be000 	C:\windows\system32\uxtheme.dll
0x00007ffeabd90000 - 0x00007ffeabea5000 	C:\windows\System32\MSCTF.dll
0x00007ffeaca60000 - 0x00007ffeacb8b000 	C:\windows\System32\ole32.dll
0x00007ffe91730000 - 0x00007ffe9177a000 	C:\Program Files\Java\jdk-21\bin\javaaccessbridge.dll
0x00007ffe956e0000 - 0x00007ffe956e7000 	C:\Program Files\Java\jdk-21\bin\jawt.dll
0x00007ffea8ce0000 - 0x00007ffea8d0f000 	C:\windows\system32\DWMAPI.DLL
0x00007ffe892e0000 - 0x00007ffe89367000 	C:\Program Files\Java\jdk-21\bin\freetype.dll
0x00007ffe89200000 - 0x00007ffe892d3000 	C:\Program Files\Java\jdk-21\bin\fontmanager.dll
0x00007ffe34800000 - 0x00007ffe34925000 	C:\windows\system32\opengl32.dll
0x00007ffe34570000 - 0x00007ffe3459c000 	C:\windows\SYSTEM32\GLU32.dll
0x00007ffeabeb0000 - 0x00007ffeabf59000 	C:\windows\System32\clbcatq.dll
0x00007ffea6000000 - 0x00007ffea61b4000 	C:\windows\SYSTEM32\WindowsCodecs.dll
0x00007ffe85320000 - 0x00007ffe8535e000 	C:\windows\system32\dataexchange.dll
0x00007ffea7a80000 - 0x00007ffea7ce3000 	C:\windows\system32\d3d11.dll
0x00007ffea7d30000 - 0x00007ffea7f15000 	C:\windows\system32\dcomp.dll
0x00007ffea97f0000 - 0x00007ffea98e3000 	C:\windows\system32\dxgi.dll
0x00007ffea59e0000 - 0x00007ffea5be3000 	C:\windows\system32\twinapi.appcore.dll
0x00007ffea13b0000 - 0x00007ffea14a9000 	C:\windows\SYSTEM32\textinputframework.dll
0x00007ffea82c0000 - 0x00007ffea861b000 	C:\windows\System32\CoreUIComponents.dll
0x00007ffea8620000 - 0x00007ffea8712000 	C:\windows\System32\CoreMessaging.dll
0x00007ffea6f00000 - 0x00007ffea7057000 	C:\windows\SYSTEM32\wintypes.dll
0x00007ffeaa070000 - 0x00007ffeaa0a3000 	C:\windows\SYSTEM32\ntmarta.dll
0x00007ffe8d990000 - 0x00007ffe8d9f6000 	C:\windows\system32\Oleacc.dll

dbghelp: loaded successfully - version: 4.0.5 - missing functions: none
symbol engine: initialized successfully - sym options: 0x614 - pdb path: .;C:\Program Files\Java\jdk-21\bin;C:\windows\SYSTEM32;C:\windows\WinSxS\amd64_microsoft.windows.common-controls_6595b64144ccf1df_6.0.19041.3636_none_60b6a03d71f818d5;C:\Program Files\Java\jdk-21\bin\server;D:\JetBrains\IntelliJ IDEA Ultimate\bin

VM Arguments:
jvm_args: -javaagent:D:\JetBrains\IntelliJ IDEA Ultimate\lib\idea_rt.jar=55104:D:\JetBrains\IntelliJ IDEA Ultimate\bin -Dfile.encoding=UTF-8 -Dsun.stdout.encoding=UTF-8 -Dsun.stderr.encoding=UTF-8 
java_command: gui.voting
java_class_path (initial): C:\Users\Sami\Downloads\OnlineElectionUpwork\target\classes;C:\Users\Sami\.m2\repository\unknown\binary\jcalendar-1.4\SNAPSHOT\jcalendar-1.4-SNAPSHOT.jar;C:\Users\Sami\.m2\repository\com\h2database\h2\2.2.224\h2-2.2.224.jar
Launcher Type: SUN_STANDARD

[Global flags]
     intx CICompilerCount                          = 3                                         {product} {ergonomic}
     uint ConcGCThreads                            = 1                                         {product} {ergonomic}
     uint G1ConcRefinementThreads                  = 4                                         {product} {ergonomic}
   size_t G1HeapRegionSize                         = 1048576                                   {product} {ergonomic}
    uintx GCDrainStackTargetSize                   = 64                                        {product} {ergonomic}
   size_t InitialHeapSize                          = 58720256                                  {product} {ergonomic}
   size_t MarkStackSize                            = 4194304                                   {product} {ergonomic}
   size_t MaxHeapSize                              = 918552576                                 {product} {ergonomic}
   size_t MaxNewSize                               = 550502400                                 {product} {ergonomic}
   size_t MinHeapDeltaBytes                        = 1048576                                   {product} {ergonomic}
   size_t MinHeapSize                              = 8388608                                   {product} {ergonomic}
    uintx NonNMethodCodeHeapSize                   = 5832780                                {pd product} {ergonomic}
    uintx NonProfiledCodeHeapSize                  = 122912730                              {pd product} {ergonomic}
    uintx ProfiledCodeHeapSize                     = 122912730                              {pd product} {ergonomic}
    uintx ReservedCodeCacheSize                    = 251658240                              {pd product} {ergonomic}
     bool SegmentedCodeCache                       = true                                      {product} {ergonomic}
   size_t SoftMaxHeapSize                          = 918552576                              {manageable} {ergonomic}
     bool UseCompressedOops                        = true                           {product lp64_product} {ergonomic}
     bool UseG1GC                                  = true                                      {product} {ergonomic}
     bool UseLargePagesIndividualAllocation        = false                                  {pd product} {ergonomic}

Logging:
Log output configuration:
 #0: stdout all=warning uptime,level,tags foldmultilines=false
 #1: stderr all=off uptime,level,tags foldmultilines=false

Environment Variables:
JAVA_HOME=C:\Program Files\Java\jdk-21
CLASSPATH=C:\installer files folder\postgresql-42.6.0.jar
PATH=C:\Program Files\Common Files\Oracle\Java\javapath;C:\Python311\Scripts\;C:\Python311\;C:\windows\system32;C:\windows;C:\windows\System32\Wbem;C:\windows\System32\WindowsPowerShell\v1.0\;C:\windows\System32\OpenSSH\;C:\Program Files\Java\jdk-19\bin;C:\Program Files\Microsoft SQL Server\Client SDK\ODBC\170\Tools\Binn\;C:\Program Files (x86)\Microsoft SQL Server\150\Tools\Binn\;C:\Program Files\Microsoft SQL Server\150\Tools\Binn\;C:\Program Files\Microsoft SQL Server\150\DTS\Binn\;C:\Program Files\Java\jdk-18.0.1.1\bin;C:\Program Files\Java\jre1.8.0_202\bin;C:\Users\Sami\AppData\Roaming\nvm;C:\Program Files\nodejs;C:\ProgramData\chocolatey\bin;C:\Windows\System32;C:\src\flutter\bin;C:\Program Files\dotnet\;C:\Program Files\CMake\bin;C:\Program Files\MongoDB\Server\7.0\bin;C:\Users\Sami\Downloads\mongosh-1.8.2-win32-x64\bin;C:\Users\Sami\AppData\Local\Microsoft\WindowsApps\python.exe;C:\Program Files (x86)\Microsoft Visual Studio\2019\Community\VC\Tools\MSVC\14.29.30133\bin\Hostx64\x64;C:\Program Files\Go\bin;C:\Users\Sami\Downloads\year 4 semister 1\apache-maven-3.9.5-bin\apache-maven-3.9.5\bin;C:\Program Files\Git LFS;C:\Program Files\Git\cmd;C:\Program Files\heroku\bin.;;C:\Program Files\HP\HP One Agent;C:\Users\Sami\anaconda3;C:\Users\Sami\anaconda3\Library\mingw-w64\bin;C:\Users\Sami\anaconda3\Library\usr\bin;C:\Users\Sami\anaconda3\Library\bin;C:\Users\Sami\anaconda3\Scripts;C:\Users\Sami\AppData\Local\Microsoft\WindowsApps;C:\Program Files\JetBrains\PyCharm Community Edition 2021.2.3\pycharm version\PyCharm Community Edition 2021.2.3\bin;C:\Users\Sami\AppData\Local\Programs\Microsoft VS Code\bin;C:\Program Files\Azure Data Studio\bin;C:\Users\Sami\AppData\Roaming\npm;C:\Users\Sami\AppData\Roaming\nvm;C:\Program Files\nodejs;C:\Program Files\PostgreSQL\15\bin;C:\Python311\Lib\site-packages\virtualenv;C:\Python311\Scripts\virtualenv;C:\Users\Sami\AppData\Roaming\Pub\Cache\bin;C:\flutter\bin;C:\Program Files\Git\bin\git.exe;C:\Windows\System32;C:\Program Files\Git\bin\git.exe;C:\Program Files\Git\cmd;C:\Windows\System32;C:\Users\Sami\.dotnet\tools;C:\Program Files\Java\jdk-19\bin;C:\src\Android\cmdline-tools\9.0\bin;C:\src\Android\emulator;C:\src\Android\platforms;C:\src\Android\platform-tools;C:\Python311\python.exe;C:\Program Files\MongoDB\Server\7.0\bin;C:\Python311\Scripts;C:\Users\Sami\go\bin;C:\Program Files\JetBrains\PyCharm 2023.2.3\bin;C:\Program Files\JetBrains\IntelliJ IDEA 2023.2.3\bin;C:\Program Files\Java\jdk-21\bin;C:\Program Files\JetBrains\GoLand 2023.3.2\bin;C:\Users\Sami\AppData\Local\JetBrains\Toolbox\scripts;C:\Users\Sami\AppData\Local\GitHubDesktop\bin
USERNAME=Sami
OS=Windows_NT
PROCESSOR_IDENTIFIER=AMD64 Family 23 Model 24 Stepping 1, AuthenticAMD
TMP=C:\Users\Sami\AppData\Local\Temp
TEMP=C:\Users\Sami\AppData\Local\Temp




Periodic native trim disabled

---------------  S Y S T E M  ---------------

OS:
 Windows 10 , 64 bit Build 19041 (10.0.19041.3636)
OS uptime: 0 days 1:45 hours
Hyper-V role detected

CPU: total 4 (initial active 4) (4 cores per cpu, 2 threads per core) family 23 model 24 stepping 1 microcode 0x0, cx8, cmov, fxsr, ht, mmx, 3dnowpref, sse, sse2, sse3, ssse3, sse4a, sse4.1, sse4.2, popcnt, lzcnt, tsc, tscinvbit, avx, avx2, aes, clmul, bmi1, bmi2, adx, sha, fma, vzeroupper, clflush, clflushopt, hv, rdtscp, f16c
Processor Information for all 4 processors :
  Max Mhz: 2600, Current Mhz: 2600, Mhz Limit: 2600

Memory: 4k page, system-wide physical 3503M (39M free)
TotalPageFile size 14255M (AvailPageFile size 0M)
current process WorkingSet (physical memory assigned to process): 34M, peak: 110M
current process commit charge ("private bytes"): 166M, peak: 172M

vm_info: Java HotSpot(TM) 64-Bit Server VM (21.0.1+12-LTS-29) for windows-amd64 JRE (21.0.1+12-LTS-29), built on 2023-10-05T13:27:09Z by "mach5one" with MS VC++ 17.1 (VS2022)

END.
